#
# There is insufficient memory for the Java Runtime Environment to continue.
# Native memory allocation (malloc) failed to allocate 2084736 bytes for Chunk::new
# Possible reasons:
#   The system is out of physical RAM or swap space
#   The process is running with CompressedOops enabled, and the Java Heap may be blocking the growth of the native heap
# Possible solutions:
#   Reduce memory load on the system
#   Increase physical memory or swap space
#   Check if swap backing store is full
#   Decrease Java heap size (-Xmx/-Xms)
#   Decrease number of Java threads
#   Decrease Java thread stack sizes (-Xss)
#   Set larger code cache with -XX:ReservedCodeCacheSize=
#   JVM is running with Unscaled Compressed Oops mode in which the Java heap is
#     placed in the first 4GB address space. The Java Heap base address is the
#     maximum limit for the native heap growth. Please use -XX:HeapBaseMinAddress
#     to set the Java Heap base and to place the Java Heap above 4GB virtual address.
# This output file may be truncated or incomplete.
#
#  Out of Memory Error (arena.cpp:191), pid=1488, tid=8388
#
# JRE version: OpenJDK Runtime Environment Corretto-17.0.10.7.1 (17.0.10+7) (build 17.0.10+7-LTS)
# Java VM: OpenJDK 64-Bit Server VM Corretto-17.0.10.7.1 (17.0.10+7-LTS, mixed mode, sharing, tiered, compressed oops, compressed class ptrs, g1 gc, windows-amd64)
# No core dump will be written. Minidumps are not enabled by default on client versions of Windows
#

---------------  S U M M A R Y ------------

Command Line: -XX:+ShowCodeDetailsInExceptionMessages com.edupro.EducationWeb.EducationWebApplication

Host: 11th Gen Intel(R) Core(TM) i5-1135G7 @ 2.40GHz, 8 cores, 7G,  Windows 10 , 64 bit Build 19041 (10.0.19041.5438)
Time: Tue Mar 18 00:24:47 2025 Bangladesh Standard Time elapsed time: 1.685074 seconds (0d 0h 0m 1s)

---------------  T H R E A D  ---------------

Current thread (0x000001ce7a8d4700):  JavaThread "C2 CompilerThread0" daemon [_thread_in_native, id=8388, stack(0x000000caabe00000,0x000000caabf00000)]


Current CompileTask:
C2:   1685 1951       4       jdk.internal.org.objectweb.asm.Frame::execute (2305 bytes)

Stack: [0x000000caabe00000,0x000000caabf00000]
Native frames: (J=compiled Java code, j=interpreted, Vv=VM code, C=native code)
V  [jvm.dll+0x67d2c9]
V  [jvm.dll+0x834b1a]
V  [jvm.dll+0x8365de]
V  [jvm.dll+0x836c43]
V  [jvm.dll+0x2477ff]
V  [jvm.dll+0xac514]
V  [jvm.dll+0xacb5c]
V  [jvm.dll+0x3667d7]
V  [jvm.dll+0x330bfa]
V  [jvm.dll+0x33009a]
V  [jvm.dll+0x219ef1]
V  [jvm.dll+0x219311]
V  [jvm.dll+0x1a502d]
V  [jvm.dll+0x2290de]
V  [jvm.dll+0x2272ac]
V  [jvm.dll+0x7e9bd7]
V  [jvm.dll+0x7e3fda]
V  [jvm.dll+0x67c1b5]
C  [ucrtbase.dll+0x21bb2]
C  [KERNEL32.DLL+0x17374]
C  [ntdll.dll+0x4cc91]


---------------  P R O C E S S  ---------------

Threads class SMR info:
_java_thread_list=0x000001ce50a365e0, length=15, elements={
0x000001ce6ba11630, 0x000001ce7a8b3480, 0x000001ce7a8b3e40, 0x000001ce7a8cdca0,
0x000001ce7a8ce660, 0x000001ce7a8d1030, 0x000001ce7a8d2a00, 0x000001ce7a8d4700,
0x000001ce7a8f86c0, 0x000001ce7a8f90c0, 0x000001ce7f12d8f0, 0x000001ce7f132410,
0x000001ce7fa5c620, 0x000001ce7fad60e0, 0x000001ce505f3480
}

Java Threads: ( => current thread )
  0x000001ce6ba11630 JavaThread "main" [_thread_blocked, id=12848, stack(0x000000caab100000,0x000000caab200000)]
  0x000001ce7a8b3480 JavaThread "Reference Handler" daemon [_thread_blocked, id=6312, stack(0x000000caab800000,0x000000caab900000)]
  0x000001ce7a8b3e40 JavaThread "Finalizer" daemon [_thread_blocked, id=20896, stack(0x000000caab900000,0x000000caaba00000)]
  0x000001ce7a8cdca0 JavaThread "Signal Dispatcher" daemon [_thread_blocked, id=10144, stack(0x000000caaba00000,0x000000caabb00000)]
  0x000001ce7a8ce660 JavaThread "Attach Listener" daemon [_thread_blocked, id=568, stack(0x000000caabb00000,0x000000caabc00000)]
  0x000001ce7a8d1030 JavaThread "Service Thread" daemon [_thread_blocked, id=8292, stack(0x000000caabc00000,0x000000caabd00000)]
  0x000001ce7a8d2a00 JavaThread "Monitor Deflation Thread" daemon [_thread_blocked, id=10368, stack(0x000000caabd00000,0x000000caabe00000)]
=>0x000001ce7a8d4700 JavaThread "C2 CompilerThread0" daemon [_thread_in_native, id=8388, stack(0x000000caabe00000,0x000000caabf00000)]
  0x000001ce7a8f86c0 JavaThread "C1 CompilerThread0" daemon [_thread_blocked, id=15532, stack(0x000000caabf00000,0x000000caac000000)]
  0x000001ce7a8f90c0 JavaThread "Sweeper thread" daemon [_thread_blocked, id=19920, stack(0x000000caac000000,0x000000caac100000)]
  0x000001ce7f12d8f0 JavaThread "Notification Thread" daemon [_thread_blocked, id=21332, stack(0x000000caac100000,0x000000caac200000)]
  0x000001ce7f132410 JavaThread "Common-Cleaner" daemon [_thread_blocked, id=21748, stack(0x000000caac300000,0x000000caac400000)]
  0x000001ce7fa5c620 JavaThread "Thread-0" [_thread_blocked, id=10844, stack(0x000000caac400000,0x000000caac500000)]
  0x000001ce7fad60e0 JavaThread "restartedMain" [_thread_in_vm, id=7568, stack(0x000000caac500000,0x000000caac600000)]
  0x000001ce505f3480 JavaThread "Thread-3" [_thread_blocked, id=4240, stack(0x000000caacb00000,0x000000caacc00000)]

Other Threads:
  0x000001ce7a8acac0 VMThread "VM Thread" [stack: 0x000000caab700000,0x000000caab800000] [id=22200]
  0x000001ce7f12e5e0 WatcherThread [stack: 0x000000caac200000,0x000000caac300000] [id=3840]
  0x000001ce6ba72e40 GCTaskThread "GC Thread#0" [stack: 0x000000caab200000,0x000000caab300000] [id=8188]
  0x000001ce7fa88880 GCTaskThread "GC Thread#1" [stack: 0x000000caac600000,0x000000caac700000] [id=6900]
  0x000001ce7fa88b40 GCTaskThread "GC Thread#2" [stack: 0x000000caac700000,0x000000caac800000] [id=10016]
  0x000001ce7fa88e00 GCTaskThread "GC Thread#3" [stack: 0x000000caac800000,0x000000caac900000] [id=8572]
  0x000001ce7fae8220 GCTaskThread "GC Thread#4" [stack: 0x000000caac900000,0x000000caaca00000] [id=2736]
  0x000001ce7fae8b00 GCTaskThread "GC Thread#5" [stack: 0x000000caaca00000,0x000000caacb00000] [id=3584]
  0x000001ce50505030 GCTaskThread "GC Thread#6" [stack: 0x000000caacc00000,0x000000caacd00000] [id=7464]
  0x000001ce505052f0 GCTaskThread "GC Thread#7" [stack: 0x000000caacd00000,0x000000caace00000] [id=21260]
  0x000001ce6ba83410 ConcurrentGCThread "G1 Main Marker" [stack: 0x000000caab300000,0x000000caab400000] [id=4180]
  0x000001ce6ba83e30 ConcurrentGCThread "G1 Conc#0" [stack: 0x000000caab400000,0x000000caab500000] [id=16712]
  0x000001ce6baccdb0 ConcurrentGCThread "G1 Refine#0" [stack: 0x000000caab500000,0x000000caab600000] [id=18696]
  0x000001ce6bacd7e0 ConcurrentGCThread "G1 Service" [stack: 0x000000caab600000,0x000000caab700000] [id=7072]

Threads with active compile tasks:
C2 CompilerThread0     1743 1951       4       jdk.internal.org.objectweb.asm.Frame::execute (2305 bytes)

VM state: not at safepoint (normal execution)

VM Mutex/Monitor currently owned by a thread: None

Heap address: 0x0000000084c00000, size: 1972 MB, Compressed Oops mode: 32-bit

CDS archive(s) mapped at: [0x000001ce0f000000-0x000001ce0fbb0000-0x000001ce0fbb0000), size 12255232, SharedBaseAddress: 0x000001ce0f000000, ArchiveRelocationMode: 1.
Compressed class space mapped at: 0x000001ce10000000-0x000001ce50000000, reserved size: 1073741824
Narrow klass base: 0x000001ce0f000000, Narrow klass shift: 0, Narrow klass range: 0x100000000

GC Precious Log:
 CPUs: 8 total, 8 available
 Memory: 7886M
 Large Page Support: Disabled
 NUMA Support: Disabled
 Compressed Oops: Enabled (32-bit)
 Heap Region Size: 1M
 Heap Min Capacity: 8M
 Heap Initial Capacity: 124M
 Heap Max Capacity: 1972M
 Pre-touch: Disabled
 Parallel Workers: 8
 Concurrent Workers: 2
 Concurrent Refinement Workers: 8
 Periodic GC: Disabled

Heap:
 garbage-first heap   total 126976K, used 31354K [0x0000000084c00000, 0x0000000100000000)
  region size 1024K, 26 young (26624K), 3 survivors (3072K)
 Metaspace       used 17622K, committed 17856K, reserved 1114112K
  class space    used 2182K, committed 2304K, reserved 1048576K

Heap Regions: E=young(eden), S=young(survivor), O=old, HS=humongous(starts), HC=humongous(continues), CS=collection set, F=free, OA=open archive, CA=closed archive, TAMS=top-at-mark-start (previous, next)
|   0|0x0000000084c00000, 0x0000000084d00000, 0x0000000084d00000|100%|HS|  |TAMS 0x0000000084c00000, 0x0000000084c00000| Complete 
|   1|0x0000000084d00000, 0x0000000084e00000, 0x0000000084e00000|100%|HS|  |TAMS 0x0000000084d00000, 0x0000000084d00000| Complete 
|   2|0x0000000084e00000, 0x0000000084f00000, 0x0000000084f00000|100%| O|  |TAMS 0x0000000084e00000, 0x0000000084e00000| Untracked 
|   3|0x0000000084f00000, 0x0000000085000000, 0x0000000085000000|100%| O|  |TAMS 0x0000000084f00000, 0x0000000084f00000| Untracked 
|   4|0x0000000085000000, 0x0000000085100000, 0x0000000085100000|100%| O|  |TAMS 0x0000000085000000, 0x0000000085000000| Untracked 
|   5|0x0000000085100000, 0x0000000085200000, 0x0000000085200000|100%| O|  |TAMS 0x0000000085100000, 0x0000000085100000| Untracked 
|   6|0x0000000085200000, 0x0000000085300000, 0x0000000085300000|100%| O|  |TAMS 0x0000000085200000, 0x0000000085200000| Untracked 
|   7|0x0000000085300000, 0x0000000085319c00, 0x0000000085400000| 10%| O|  |TAMS 0x0000000085300000, 0x0000000085300000| Untracked 
|   8|0x0000000085400000, 0x0000000085400000, 0x0000000085500000|  0%| F|  |TAMS 0x0000000085400000, 0x0000000085400000| Untracked 
|   9|0x0000000085500000, 0x0000000085500000, 0x0000000085600000|  0%| F|  |TAMS 0x0000000085500000, 0x0000000085500000| Untracked 
|  10|0x0000000085600000, 0x0000000085600000, 0x0000000085700000|  0%| F|  |TAMS 0x0000000085600000, 0x0000000085600000| Untracked 
|  11|0x0000000085700000, 0x0000000085700000, 0x0000000085800000|  0%| F|  |TAMS 0x0000000085700000, 0x0000000085700000| Untracked 
|  12|0x0000000085800000, 0x0000000085800000, 0x0000000085900000|  0%| F|  |TAMS 0x0000000085800000, 0x0000000085800000| Untracked 
|  13|0x0000000085900000, 0x0000000085900000, 0x0000000085a00000|  0%| F|  |TAMS 0x0000000085900000, 0x0000000085900000| Untracked 
|  14|0x0000000085a00000, 0x0000000085a00000, 0x0000000085b00000|  0%| F|  |TAMS 0x0000000085a00000, 0x0000000085a00000| Untracked 
|  15|0x0000000085b00000, 0x0000000085b00000, 0x0000000085c00000|  0%| F|  |TAMS 0x0000000085b00000, 0x0000000085b00000| Untracked 
|  16|0x0000000085c00000, 0x0000000085c00000, 0x0000000085d00000|  0%| F|  |TAMS 0x0000000085c00000, 0x0000000085c00000| Untracked 
|  17|0x0000000085d00000, 0x0000000085d00000, 0x0000000085e00000|  0%| F|  |TAMS 0x0000000085d00000, 0x0000000085d00000| Untracked 
|  18|0x0000000085e00000, 0x0000000085e00000, 0x0000000085f00000|  0%| F|  |TAMS 0x0000000085e00000, 0x0000000085e00000| Untracked 
|  19|0x0000000085f00000, 0x0000000085f00000, 0x0000000086000000|  0%| F|  |TAMS 0x0000000085f00000, 0x0000000085f00000| Untracked 
|  20|0x0000000086000000, 0x0000000086000000, 0x0000000086100000|  0%| F|  |TAMS 0x0000000086000000, 0x0000000086000000| Untracked 
|  21|0x0000000086100000, 0x0000000086100000, 0x0000000086200000|  0%| F|  |TAMS 0x0000000086100000, 0x0000000086100000| Untracked 
|  22|0x0000000086200000, 0x0000000086200000, 0x0000000086300000|  0%| F|  |TAMS 0x0000000086200000, 0x0000000086200000| Untracked 
|  23|0x0000000086300000, 0x0000000086300000, 0x0000000086400000|  0%| F|  |TAMS 0x0000000086300000, 0x0000000086300000| Untracked 
|  24|0x0000000086400000, 0x0000000086400000, 0x0000000086500000|  0%| F|  |TAMS 0x0000000086400000, 0x0000000086400000| Untracked 
|  25|0x0000000086500000, 0x0000000086500000, 0x0000000086600000|  0%| F|  |TAMS 0x0000000086500000, 0x0000000086500000| Untracked 
|  26|0x0000000086600000, 0x0000000086600000, 0x0000000086700000|  0%| F|  |TAMS 0x0000000086600000, 0x0000000086600000| Untracked 
|  27|0x0000000086700000, 0x0000000086700000, 0x0000000086800000|  0%| F|  |TAMS 0x0000000086700000, 0x0000000086700000| Untracked 
|  28|0x0000000086800000, 0x0000000086800000, 0x0000000086900000|  0%| F|  |TAMS 0x0000000086800000, 0x0000000086800000| Untracked 
|  29|0x0000000086900000, 0x0000000086900000, 0x0000000086a00000|  0%| F|  |TAMS 0x0000000086900000, 0x0000000086900000| Untracked 
|  30|0x0000000086a00000, 0x0000000086a00000, 0x0000000086b00000|  0%| F|  |TAMS 0x0000000086a00000, 0x0000000086a00000| Untracked 
|  31|0x0000000086b00000, 0x0000000086b00000, 0x0000000086c00000|  0%| F|  |TAMS 0x0000000086b00000, 0x0000000086b00000| Untracked 
|  32|0x0000000086c00000, 0x0000000086c00000, 0x0000000086d00000|  0%| F|  |TAMS 0x0000000086c00000, 0x0000000086c00000| Untracked 
|  33|0x0000000086d00000, 0x0000000086d00000, 0x0000000086e00000|  0%| F|  |TAMS 0x0000000086d00000, 0x0000000086d00000| Untracked 
|  34|0x0000000086e00000, 0x0000000086e00000, 0x0000000086f00000|  0%| F|  |TAMS 0x0000000086e00000, 0x0000000086e00000| Untracked 
|  35|0x0000000086f00000, 0x0000000086f00000, 0x0000000087000000|  0%| F|  |TAMS 0x0000000086f00000, 0x0000000086f00000| Untracked 
|  36|0x0000000087000000, 0x0000000087000000, 0x0000000087100000|  0%| F|  |TAMS 0x0000000087000000, 0x0000000087000000| Untracked 
|  37|0x0000000087100000, 0x0000000087100000, 0x0000000087200000|  0%| F|  |TAMS 0x0000000087100000, 0x0000000087100000| Untracked 
|  38|0x0000000087200000, 0x0000000087200000, 0x0000000087300000|  0%| F|  |TAMS 0x0000000087200000, 0x0000000087200000| Untracked 
|  39|0x0000000087300000, 0x0000000087300000, 0x0000000087400000|  0%| F|  |TAMS 0x0000000087300000, 0x0000000087300000| Untracked 
|  40|0x0000000087400000, 0x0000000087400000, 0x0000000087500000|  0%| F|  |TAMS 0x0000000087400000, 0x0000000087400000| Untracked 
|  41|0x0000000087500000, 0x0000000087500000, 0x0000000087600000|  0%| F|  |TAMS 0x0000000087500000, 0x0000000087500000| Untracked 
|  42|0x0000000087600000, 0x0000000087600000, 0x0000000087700000|  0%| F|  |TAMS 0x0000000087600000, 0x0000000087600000| Untracked 
|  43|0x0000000087700000, 0x0000000087700000, 0x0000000087800000|  0%| F|  |TAMS 0x0000000087700000, 0x0000000087700000| Untracked 
|  44|0x0000000087800000, 0x0000000087800000, 0x0000000087900000|  0%| F|  |TAMS 0x0000000087800000, 0x0000000087800000| Untracked 
|  45|0x0000000087900000, 0x0000000087900000, 0x0000000087a00000|  0%| F|  |TAMS 0x0000000087900000, 0x0000000087900000| Untracked 
|  46|0x0000000087a00000, 0x0000000087a00000, 0x0000000087b00000|  0%| F|  |TAMS 0x0000000087a00000, 0x0000000087a00000| Untracked 
|  47|0x0000000087b00000, 0x0000000087b00000, 0x0000000087c00000|  0%| F|  |TAMS 0x0000000087b00000, 0x0000000087b00000| Untracked 
|  48|0x0000000087c00000, 0x0000000087c00000, 0x0000000087d00000|  0%| F|  |TAMS 0x0000000087c00000, 0x0000000087c00000| Untracked 
|  49|0x0000000087d00000, 0x0000000087d00000, 0x0000000087e00000|  0%| F|  |TAMS 0x0000000087d00000, 0x0000000087d00000| Untracked 
|  50|0x0000000087e00000, 0x0000000087e00000, 0x0000000087f00000|  0%| F|  |TAMS 0x0000000087e00000, 0x0000000087e00000| Untracked 
|  51|0x0000000087f00000, 0x0000000087f00000, 0x0000000088000000|  0%| F|  |TAMS 0x0000000087f00000, 0x0000000087f00000| Untracked 
|  52|0x0000000088000000, 0x0000000088000000, 0x0000000088100000|  0%| F|  |TAMS 0x0000000088000000, 0x0000000088000000| Untracked 
|  53|0x0000000088100000, 0x0000000088100000, 0x0000000088200000|  0%| F|  |TAMS 0x0000000088100000, 0x0000000088100000| Untracked 
|  54|0x0000000088200000, 0x0000000088200000, 0x0000000088300000|  0%| F|  |TAMS 0x0000000088200000, 0x0000000088200000| Untracked 
|  55|0x0000000088300000, 0x0000000088300000, 0x0000000088400000|  0%| F|  |TAMS 0x0000000088300000, 0x0000000088300000| Untracked 
|  56|0x0000000088400000, 0x0000000088400000, 0x0000000088500000|  0%| F|  |TAMS 0x0000000088400000, 0x0000000088400000| Untracked 
|  57|0x0000000088500000, 0x0000000088500000, 0x0000000088600000|  0%| F|  |TAMS 0x0000000088500000, 0x0000000088500000| Untracked 
|  58|0x0000000088600000, 0x0000000088600000, 0x0000000088700000|  0%| F|  |TAMS 0x0000000088600000, 0x0000000088600000| Untracked 
|  59|0x0000000088700000, 0x0000000088700000, 0x0000000088800000|  0%| F|  |TAMS 0x0000000088700000, 0x0000000088700000| Untracked 
|  60|0x0000000088800000, 0x0000000088800000, 0x0000000088900000|  0%| F|  |TAMS 0x0000000088800000, 0x0000000088800000| Untracked 
|  61|0x0000000088900000, 0x0000000088900000, 0x0000000088a00000|  0%| F|  |TAMS 0x0000000088900000, 0x0000000088900000| Untracked 
|  62|0x0000000088a00000, 0x0000000088a00000, 0x0000000088b00000|  0%| F|  |TAMS 0x0000000088a00000, 0x0000000088a00000| Untracked 
|  63|0x0000000088b00000, 0x0000000088b00000, 0x0000000088c00000|  0%| F|  |TAMS 0x0000000088b00000, 0x0000000088b00000| Untracked 
|  64|0x0000000088c00000, 0x0000000088c00000, 0x0000000088d00000|  0%| F|  |TAMS 0x0000000088c00000, 0x0000000088c00000| Untracked 
|  65|0x0000000088d00000, 0x0000000088d00000, 0x0000000088e00000|  0%| F|  |TAMS 0x0000000088d00000, 0x0000000088d00000| Untracked 
|  66|0x0000000088e00000, 0x0000000088e00000, 0x0000000088f00000|  0%| F|  |TAMS 0x0000000088e00000, 0x0000000088e00000| Untracked 
|  67|0x0000000088f00000, 0x0000000088f00000, 0x0000000089000000|  0%| F|  |TAMS 0x0000000088f00000, 0x0000000088f00000| Untracked 
|  68|0x0000000089000000, 0x0000000089000000, 0x0000000089100000|  0%| F|  |TAMS 0x0000000089000000, 0x0000000089000000| Untracked 
|  69|0x0000000089100000, 0x0000000089100000, 0x0000000089200000|  0%| F|  |TAMS 0x0000000089100000, 0x0000000089100000| Untracked 
|  70|0x0000000089200000, 0x0000000089200000, 0x0000000089300000|  0%| F|  |TAMS 0x0000000089200000, 0x0000000089200000| Untracked 
|  71|0x0000000089300000, 0x0000000089300000, 0x0000000089400000|  0%| F|  |TAMS 0x0000000089300000, 0x0000000089300000| Untracked 
|  72|0x0000000089400000, 0x0000000089400000, 0x0000000089500000|  0%| F|  |TAMS 0x0000000089400000, 0x0000000089400000| Untracked 
|  73|0x0000000089500000, 0x0000000089500000, 0x0000000089600000|  0%| F|  |TAMS 0x0000000089500000, 0x0000000089500000| Untracked 
|  74|0x0000000089600000, 0x0000000089600000, 0x0000000089700000|  0%| F|  |TAMS 0x0000000089600000, 0x0000000089600000| Untracked 
|  75|0x0000000089700000, 0x0000000089700000, 0x0000000089800000|  0%| F|  |TAMS 0x0000000089700000, 0x0000000089700000| Untracked 
|  76|0x0000000089800000, 0x0000000089800000, 0x0000000089900000|  0%| F|  |TAMS 0x0000000089800000, 0x0000000089800000| Untracked 
|  77|0x0000000089900000, 0x0000000089900000, 0x0000000089a00000|  0%| F|  |TAMS 0x0000000089900000, 0x0000000089900000| Untracked 
|  78|0x0000000089a00000, 0x0000000089a00000, 0x0000000089b00000|  0%| F|  |TAMS 0x0000000089a00000, 0x0000000089a00000| Untracked 
|  79|0x0000000089b00000, 0x0000000089b00000, 0x0000000089c00000|  0%| F|  |TAMS 0x0000000089b00000, 0x0000000089b00000| Untracked 
|  80|0x0000000089c00000, 0x0000000089c00000, 0x0000000089d00000|  0%| F|  |TAMS 0x0000000089c00000, 0x0000000089c00000| Untracked 
|  81|0x0000000089d00000, 0x0000000089d00000, 0x0000000089e00000|  0%| F|  |TAMS 0x0000000089d00000, 0x0000000089d00000| Untracked 
|  82|0x0000000089e00000, 0x0000000089e00000, 0x0000000089f00000|  0%| F|  |TAMS 0x0000000089e00000, 0x0000000089e00000| Untracked 
|  83|0x0000000089f00000, 0x0000000089f00000, 0x000000008a000000|  0%| F|  |TAMS 0x0000000089f00000, 0x0000000089f00000| Untracked 
|  84|0x000000008a000000, 0x000000008a000000, 0x000000008a100000|  0%| F|  |TAMS 0x000000008a000000, 0x000000008a000000| Untracked 
|  85|0x000000008a100000, 0x000000008a100000, 0x000000008a200000|  0%| F|  |TAMS 0x000000008a100000, 0x000000008a100000| Untracked 
|  86|0x000000008a200000, 0x000000008a200000, 0x000000008a300000|  0%| F|  |TAMS 0x000000008a200000, 0x000000008a200000| Untracked 
|  87|0x000000008a300000, 0x000000008a300000, 0x000000008a400000|  0%| F|  |TAMS 0x000000008a300000, 0x000000008a300000| Untracked 
|  88|0x000000008a400000, 0x000000008a400000, 0x000000008a500000|  0%| F|  |TAMS 0x000000008a400000, 0x000000008a400000| Untracked 
|  89|0x000000008a500000, 0x000000008a500000, 0x000000008a600000|  0%| F|  |TAMS 0x000000008a500000, 0x000000008a500000| Untracked 
|  90|0x000000008a600000, 0x000000008a600000, 0x000000008a700000|  0%| F|  |TAMS 0x000000008a600000, 0x000000008a600000| Untracked 
|  91|0x000000008a700000, 0x000000008a784c60, 0x000000008a800000| 51%| S|CS|TAMS 0x000000008a700000, 0x000000008a700000| Complete 
|  92|0x000000008a800000, 0x000000008a900000, 0x000000008a900000|100%| S|CS|TAMS 0x000000008a800000, 0x000000008a800000| Complete 
|  93|0x000000008a900000, 0x000000008aa00000, 0x000000008aa00000|100%| S|CS|TAMS 0x000000008a900000, 0x000000008a900000| Complete 
|  94|0x000000008aa00000, 0x000000008aa00000, 0x000000008ab00000|  0%| F|  |TAMS 0x000000008aa00000, 0x000000008aa00000| Untracked 
|  95|0x000000008ab00000, 0x000000008ab00000, 0x000000008ac00000|  0%| F|  |TAMS 0x000000008ab00000, 0x000000008ab00000| Untracked 
|  96|0x000000008ac00000, 0x000000008ac00000, 0x000000008ad00000|  0%| F|  |TAMS 0x000000008ac00000, 0x000000008ac00000| Untracked 
|  97|0x000000008ad00000, 0x000000008ad00000, 0x000000008ae00000|  0%| F|  |TAMS 0x000000008ad00000, 0x000000008ad00000| Untracked 
|  98|0x000000008ae00000, 0x000000008ae00000, 0x000000008af00000|  0%| F|  |TAMS 0x000000008ae00000, 0x000000008ae00000| Untracked 
|  99|0x000000008af00000, 0x000000008af00000, 0x000000008b000000|  0%| F|  |TAMS 0x000000008af00000, 0x000000008af00000| Untracked 
| 100|0x000000008b000000, 0x000000008b000000, 0x000000008b100000|  0%| F|  |TAMS 0x000000008b000000, 0x000000008b000000| Untracked 
| 101|0x000000008b100000, 0x000000008b1ef038, 0x000000008b200000| 93%| E|  |TAMS 0x000000008b100000, 0x000000008b100000| Complete 
| 102|0x000000008b200000, 0x000000008b300000, 0x000000008b300000|100%| E|CS|TAMS 0x000000008b200000, 0x000000008b200000| Complete 
| 103|0x000000008b300000, 0x000000008b400000, 0x000000008b400000|100%| E|  |TAMS 0x000000008b300000, 0x000000008b300000| Complete 
| 104|0x000000008b400000, 0x000000008b500000, 0x000000008b500000|100%| E|CS|TAMS 0x000000008b400000, 0x000000008b400000| Complete 
| 105|0x000000008b500000, 0x000000008b600000, 0x000000008b600000|100%| E|CS|TAMS 0x000000008b500000, 0x000000008b500000| Complete 
| 106|0x000000008b600000, 0x000000008b700000, 0x000000008b700000|100%| E|CS|TAMS 0x000000008b600000, 0x000000008b600000| Complete 
| 107|0x000000008b700000, 0x000000008b800000, 0x000000008b800000|100%| E|CS|TAMS 0x000000008b700000, 0x000000008b700000| Complete 
| 108|0x000000008b800000, 0x000000008b900000, 0x000000008b900000|100%| E|CS|TAMS 0x000000008b800000, 0x000000008b800000| Complete 
| 109|0x000000008b900000, 0x000000008ba00000, 0x000000008ba00000|100%| E|CS|TAMS 0x000000008b900000, 0x000000008b900000| Complete 
| 110|0x000000008ba00000, 0x000000008bb00000, 0x000000008bb00000|100%| E|CS|TAMS 0x000000008ba00000, 0x000000008ba00000| Complete 
| 111|0x000000008bb00000, 0x000000008bc00000, 0x000000008bc00000|100%| E|CS|TAMS 0x000000008bb00000, 0x000000008bb00000| Complete 
| 112|0x000000008bc00000, 0x000000008bd00000, 0x000000008bd00000|100%| E|CS|TAMS 0x000000008bc00000, 0x000000008bc00000| Complete 
| 113|0x000000008bd00000, 0x000000008be00000, 0x000000008be00000|100%| E|CS|TAMS 0x000000008bd00000, 0x000000008bd00000| Complete 
| 114|0x000000008be00000, 0x000000008bf00000, 0x000000008bf00000|100%| E|CS|TAMS 0x000000008be00000, 0x000000008be00000| Complete 
| 115|0x000000008bf00000, 0x000000008c000000, 0x000000008c000000|100%| E|CS|TAMS 0x000000008bf00000, 0x000000008bf00000| Complete 
| 116|0x000000008c000000, 0x000000008c100000, 0x000000008c100000|100%| E|CS|TAMS 0x000000008c000000, 0x000000008c000000| Complete 
| 117|0x000000008c100000, 0x000000008c200000, 0x000000008c200000|100%| E|CS|TAMS 0x000000008c100000, 0x000000008c100000| Complete 
| 118|0x000000008c200000, 0x000000008c300000, 0x000000008c300000|100%| E|CS|TAMS 0x000000008c200000, 0x000000008c200000| Complete 
| 119|0x000000008c300000, 0x000000008c400000, 0x000000008c400000|100%| E|CS|TAMS 0x000000008c300000, 0x000000008c300000| Complete 
| 120|0x000000008c400000, 0x000000008c500000, 0x000000008c500000|100%| E|CS|TAMS 0x000000008c400000, 0x000000008c400000| Complete 
| 121|0x000000008c500000, 0x000000008c600000, 0x000000008c600000|100%| E|CS|TAMS 0x000000008c500000, 0x000000008c500000| Complete 
| 122|0x000000008c600000, 0x000000008c700000, 0x000000008c700000|100%| E|CS|TAMS 0x000000008c600000, 0x000000008c600000| Complete 
| 123|0x000000008c700000, 0x000000008c800000, 0x000000008c800000|100%| E|CS|TAMS 0x000000008c700000, 0x000000008c700000| Complete 

Card table byte_map: [0x000001ce73c40000,0x000001ce74020000] _byte_map_base: 0x000001ce7381a000

Marking Bits (Prev, Next): (CMBitMap*) 0x000001ce6ba73460, (CMBitMap*) 0x000001ce6ba734a0
 Prev Bits: [0x000001ce74400000, 0x000001ce762d0000)
 Next Bits: [0x000001ce762d0000, 0x000001ce781a0000)

Polling page: 0x000001ce6b1d0000

Metaspace:

Usage:
  Non-class:     15.12 MB used.
      Class:      2.13 MB used.
       Both:     17.26 MB used.

Virtual space:
  Non-class space:       64.00 MB reserved,      15.25 MB ( 24%) committed,  1 nodes.
      Class space:        1.00 GB reserved,       2.25 MB ( <1%) committed,  1 nodes.
             Both:        1.06 GB reserved,      17.50 MB (  2%) committed. 

Chunk freelists:
   Non-Class:  15.83 MB
       Class:  13.77 MB
        Both:  29.59 MB

MaxMetaspaceSize: unlimited
CompressedClassSpaceSize: 1.00 GB
Initial GC threshold: 21.00 MB
Current GC threshold: 21.00 MB
CDS: on
MetaspaceReclaimPolicy: balanced
 - commit_granule_bytes: 65536.
 - commit_granule_words: 8192.
 - virtual_space_node_default_size: 8388608.
 - enlarge_chunks_in_place: 1.
 - new_chunks_are_fully_committed: 0.
 - uncommit_free_chunks: 1.
 - use_allocation_guard: 0.
 - handle_deallocations: 1.


Internal statistics:

num_allocs_failed_limit: 0.
num_arena_births: 264.
num_arena_deaths: 0.
num_vsnodes_births: 2.
num_vsnodes_deaths: 0.
num_space_committed: 280.
num_space_uncommitted: 0.
num_chunks_returned_to_freelist: 0.
num_chunks_taken_from_freelist: 849.
num_chunk_merges: 0.
num_chunk_splits: 576.
num_chunks_enlarged: 440.
num_inconsistent_stats: 0.

CodeHeap 'non-profiled nmethods': size=120000Kb used=671Kb max_used=671Kb free=119328Kb
 bounds [0x000001ce07ad0000, 0x000001ce07d40000, 0x000001ce0f000000]
CodeHeap 'profiled nmethods': size=120000Kb used=4144Kb max_used=4144Kb free=115855Kb
 bounds [0x000001ce00000000, 0x000001ce00410000, 0x000001ce07530000]
CodeHeap 'non-nmethods': size=5760Kb used=1213Kb max_used=1242Kb free=4546Kb
 bounds [0x000001ce07530000, 0x000001ce077a0000, 0x000001ce07ad0000]
 total_blobs=2614 nmethods=2113 adapters=413
 compilation: enabled
              stopped_count=0, restarted_count=0
 full_count=0

Compilation events (20 events):
Event: 1.662 Thread 0x000001ce7a8f86c0 nmethod 2106 0x000001ce003ffa10 code [0x000001ce003ffbe0, 0x000001ce003fff18]
Event: 1.666 Thread 0x000001ce7a8f86c0 2107       2       org.springframework.boot.devtools.restart.classloader.ClassLoaderFiles::getFile (54 bytes)
Event: 1.666 Thread 0x000001ce7a8f86c0 nmethod 2107 0x000001ce00400110 code [0x000001ce00400300, 0x000001ce00400608]
Event: 1.666 Thread 0x000001ce7a8f86c0 2108       2       java.security.AccessController::executePrivileged (65 bytes)
Event: 1.666 Thread 0x000001ce7a8f86c0 nmethod 2108 0x000001ce00400790 code [0x000001ce00400940, 0x000001ce00400a78]
Event: 1.666 Thread 0x000001ce7a8f86c0 2109       2       java.lang.invoke.DirectMethodHandle$Holder::invokeStatic (21 bytes)
Event: 1.667 Thread 0x000001ce7a8f86c0 nmethod 2109 0x000001ce00400b90 code [0x000001ce00400d40, 0x000001ce00400e98]
Event: 1.671 Thread 0x000001ce7a8f86c0 2110       2       java.lang.invoke.DelegatingMethodHandle::chooseDelegatingForm (24 bytes)
Event: 1.671 Thread 0x000001ce7a8f86c0 nmethod 2110 0x000001ce00400f90 code [0x000001ce00401140, 0x000001ce004012e8]
Event: 1.671 Thread 0x000001ce7a8f86c0 2111       2       java.lang.invoke.DelegatingMethodHandle::<init> (10 bytes)
Event: 1.671 Thread 0x000001ce7a8f86c0 nmethod 2111 0x000001ce00401410 code [0x000001ce004015c0, 0x000001ce00401798]
Event: 1.677 Thread 0x000001ce7a8f86c0 2112       2       java.lang.NamedPackage::<init> (59 bytes)
Event: 1.678 Thread 0x000001ce7a8f86c0 nmethod 2112 0x000001ce00401890 code [0x000001ce00401aa0, 0x000001ce00401f58]
Event: 1.678 Thread 0x000001ce7a8f86c0 2117       2       java.util.Properties::getProperty (50 bytes)
Event: 1.678 Thread 0x000001ce7a8f86c0 nmethod 2117 0x000001ce00402210 code [0x000001ce004023c0, 0x000001ce004025d8]
Event: 1.678 Thread 0x000001ce7a8f86c0 2116       2       org.springframework.util.StringUtils::delimitedListToStringArray (164 bytes)
Event: 1.679 Thread 0x000001ce7a8f86c0 nmethod 2116 0x000001ce00402710 code [0x000001ce004029a0, 0x000001ce004035a8]
Event: 1.679 Thread 0x000001ce7a8f86c0 2113       2       java.util.Arrays$ArrayList::iterator (12 bytes)
Event: 1.679 Thread 0x000001ce7a8f86c0 nmethod 2113 0x000001ce00403d10 code [0x000001ce00403ea0, 0x000001ce00404058]
Event: 1.679 Thread 0x000001ce7a8f86c0 2114       2       java.util.Arrays$ArrayItr::<init> (10 bytes)

GC Heap History (4 events):
Event: 0.759 GC heap before
{Heap before GC invocations=0 (full 0):
 garbage-first heap   total 126976K, used 24576K [0x0000000084c00000, 0x0000000100000000)
  region size 1024K, 23 young (23552K), 0 survivors (0K)
 Metaspace       used 5680K, committed 5888K, reserved 1114112K
  class space    used 661K, committed 768K, reserved 1048576K
}
Event: 0.764 GC heap after
{Heap after GC invocations=1 (full 0):
 garbage-first heap   total 126976K, used 7232K [0x0000000084c00000, 0x0000000100000000)
  region size 1024K, 3 young (3072K), 3 survivors (3072K)
 Metaspace       used 5680K, committed 5888K, reserved 1114112K
  class space    used 661K, committed 768K, reserved 1048576K
}
Event: 1.289 GC heap before
{Heap before GC invocations=1 (full 0):
 garbage-first heap   total 126976K, used 33856K [0x0000000084c00000, 0x0000000100000000)
  region size 1024K, 30 young (30720K), 3 survivors (3072K)
 Metaspace       used 12557K, committed 12864K, reserved 1114112K
  class space    used 1513K, committed 1664K, reserved 1048576K
}
Event: 1.295 GC heap after
{Heap after GC invocations=2 (full 0):
 garbage-first heap   total 126976K, used 9850K [0x0000000084c00000, 0x0000000100000000)
  region size 1024K, 3 young (3072K), 3 survivors (3072K)
 Metaspace       used 12557K, committed 12864K, reserved 1114112K
  class space    used 1513K, committed 1664K, reserved 1048576K
}

Dll operation events (9 events):
Event: 0.010 Loaded shared library D:\amazon_caratto\jdk17.0.10_7\bin\java.dll
Event: 0.039 Loaded shared library D:\amazon_caratto\jdk17.0.10_7\bin\jsvml.dll
Event: 0.139 Loaded shared library D:\amazon_caratto\jdk17.0.10_7\bin\net.dll
Event: 0.143 Loaded shared library D:\amazon_caratto\jdk17.0.10_7\bin\nio.dll
Event: 0.146 Loaded shared library D:\amazon_caratto\jdk17.0.10_7\bin\zip.dll
Event: 0.249 Loaded shared library D:\amazon_caratto\jdk17.0.10_7\bin\jimage.dll
Event: 0.594 Loaded shared library D:\amazon_caratto\jdk17.0.10_7\bin\management.dll
Event: 0.596 Loaded shared library D:\amazon_caratto\jdk17.0.10_7\bin\management_ext.dll
Event: 1.580 Loaded shared library D:\amazon_caratto\jdk17.0.10_7\bin\sunmscapi.dll

Deoptimization events (20 events):
Event: 1.576 Thread 0x000001ce7fb4e2c0 Uncommon trap: trap_request=0xffffffc6 fr.pc=0x000001ce07b3f0f8 relative=0x0000000000000498
Event: 1.576 Thread 0x000001ce7fb4e2c0 Uncommon trap: reason=bimorphic_or_optimized_type_check action=maybe_recompile pc=0x000001ce07b3f0f8 method=java.util.HashMap.getNode(Ljava/lang/Object;)Ljava/util/HashMap$Node; @ 128 c2
Event: 1.576 Thread 0x000001ce7fb4e2c0 DEOPT PACKING pc=0x000001ce07b3f0f8 sp=0x000000caacbfd360
Event: 1.576 Thread 0x000001ce7fb4e2c0 DEOPT UNPACKING pc=0x000001ce0758a1a3 sp=0x000000caacbfd278 mode 2
Event: 1.576 Thread 0x000001ce7fb4e2c0 Uncommon trap: trap_request=0xffffffc6 fr.pc=0x000001ce07b3f0f8 relative=0x0000000000000498
Event: 1.576 Thread 0x000001ce7fb4e2c0 Uncommon trap: reason=bimorphic_or_optimized_type_check action=maybe_recompile pc=0x000001ce07b3f0f8 method=java.util.HashMap.getNode(Ljava/lang/Object;)Ljava/util/HashMap$Node; @ 128 c2
Event: 1.576 Thread 0x000001ce7fb4e2c0 DEOPT PACKING pc=0x000001ce07b3f0f8 sp=0x000000caacbfd360
Event: 1.576 Thread 0x000001ce7fb4e2c0 DEOPT UNPACKING pc=0x000001ce0758a1a3 sp=0x000000caacbfd278 mode 2
Event: 1.598 Thread 0x000001ce7fb4e2c0 Uncommon trap: trap_request=0xffffffde fr.pc=0x000001ce07b48158 relative=0x00000000000007d8
Event: 1.598 Thread 0x000001ce7fb4e2c0 Uncommon trap: reason=class_check action=maybe_recompile pc=0x000001ce07b48158 method=java.util.HashMap.putVal(ILjava/lang/Object;Ljava/lang/Object;ZZ)Ljava/lang/Object; @ 203 c2
Event: 1.598 Thread 0x000001ce7fb4e2c0 DEOPT PACKING pc=0x000001ce07b48158 sp=0x000000caacbfc5e0
Event: 1.598 Thread 0x000001ce7fb4e2c0 DEOPT UNPACKING pc=0x000001ce0758a1a3 sp=0x000000caacbfc570 mode 2
Event: 1.599 Thread 0x000001ce7fb4e2c0 Uncommon trap: trap_request=0xffffffde fr.pc=0x000001ce07b48158 relative=0x00000000000007d8
Event: 1.599 Thread 0x000001ce7fb4e2c0 Uncommon trap: reason=class_check action=maybe_recompile pc=0x000001ce07b48158 method=java.util.HashMap.putVal(ILjava/lang/Object;Ljava/lang/Object;ZZ)Ljava/lang/Object; @ 203 c2
Event: 1.599 Thread 0x000001ce7fb4e2c0 DEOPT PACKING pc=0x000001ce07b48158 sp=0x000000caacbfc5e0
Event: 1.599 Thread 0x000001ce7fb4e2c0 DEOPT UNPACKING pc=0x000001ce0758a1a3 sp=0x000000caacbfc570 mode 2
Event: 1.609 Thread 0x000001ce7fad60e0 Uncommon trap: trap_request=0xffffff45 fr.pc=0x000001ce07b113a0 relative=0x00000000000014e0
Event: 1.609 Thread 0x000001ce7fad60e0 Uncommon trap: reason=unstable_if action=reinterpret pc=0x000001ce07b113a0 method=java.util.jar.JarFile.getVersionedEntry(Ljava/lang/String;Ljava/util/jar/JarEntry;)Ljava/util/jar/JarEntry; @ 26 c2
Event: 1.609 Thread 0x000001ce7fad60e0 DEOPT PACKING pc=0x000001ce07b113a0 sp=0x000000caac5fd410
Event: 1.610 Thread 0x000001ce7fad60e0 DEOPT UNPACKING pc=0x000001ce0758a1a3 sp=0x000000caac5fd390 mode 2

Classes unloaded (0 events):
No events

Classes redefined (0 events):
No events

Internal exceptions (20 events):
Event: 0.971 Thread 0x000001ce7fad60e0 Exception <a 'java/lang/NoSuchMethodError'{0x000000008bf50b00}: 'void java.lang.invoke.DirectMethodHandle$Holder.invokeInterface(java.lang.Object, java.lang.Object, java.lang.Object)'> (0x000000008bf50b00) 
thrown [s\src\hotspot\share\interpreter\linkResolver.cpp, line 759]
Event: 0.990 Thread 0x000001ce7fad60e0 Exception <a 'java/lang/NoSuchMethodError'{0x000000008bffaef0}: 'void java.lang.invoke.DirectMethodHandle$Holder.invokeStaticInit(java.lang.Object, java.lang.Object, java.lang.Object)'> (0x000000008bffaef0) 
thrown [s\src\hotspot\share\interpreter\linkResolver.cpp, line 759]
Event: 0.994 Thread 0x000001ce7fad60e0 Exception <a 'java/lang/NoSuchMethodError'{0x000000008be472c8}: 'java.lang.Object java.lang.invoke.DirectMethodHandle$Holder.invokeVirtual(java.lang.Object, java.lang.Object, java.lang.Object)'> (0x000000008be472c8) 
thrown [s\src\hotspot\share\interpreter\linkResolver.cpp, line 759]
Event: 1.010 Thread 0x000001ce7fad60e0 Exception <a 'java/lang/NoSuchMethodError'{0x000000008bed8a60}: 'void java.lang.invoke.DirectMethodHandle$Holder.invokeVirtual(java.lang.Object, java.lang.Object, java.lang.Object, java.lang.Object)'> (0x000000008bed8a60) 
thrown [s\src\hotspot\share\interpreter\linkResolver.cpp, line 759]
Event: 1.024 Thread 0x000001ce7fad60e0 Exception <a 'java/lang/NoSuchMethodError'{0x000000008bd8b718}: 'java.lang.Object java.lang.invoke.DirectMethodHandle$Holder.invokeSpecial(java.lang.Object, java.lang.Object, long, java.lang.Object, java.lang.Object, java.lang.Object, java.lang.Object, java.lang.Object, java.lang.Object)'> (0x000000008bd8b718) 
thrown [s\src\hotspot\share\interpreter\linkResolver.cpp, line 759]
Event: 1.024 Thread 0x000001ce7fad60e0 Exception <a 'java/lang/NoSuchMethodError'{0x000000008bd8ff98}: 'java.lang.Object java.lang.invoke.DelegatingMethodHandle$Holder.reinvoke_L(java.lang.Object, long, java.lang.Object, java.lang.Object, java.lang.Object, java.lang.Object, java.lang.Object, java.lang.Object)'> (0x000000008bd8ff98) 
thrown [s\src\hotspot\share\interpreter\linkResolver.cpp, line 759]
Event: 1.056 Thread 0x000001ce7fad60e0 Exception <a 'java/lang/NoSuchMethodError'{0x000000008bcb9d78}: 'void java.lang.invoke.DirectMethodHandle$Holder.invokeSpecial(java.lang.Object, java.lang.Object, java.lang.Object)'> (0x000000008bcb9d78) 
thrown [s\src\hotspot\share\interpreter\linkResolver.cpp, line 759]
Event: 1.062 Thread 0x000001ce7fb4e2c0 Exception <a 'java/lang/NoClassDefFoundError'{0x000000008bb172a0}: jakarta/validation/Validation> (0x000000008bb172a0) 
thrown [s\src\hotspot\share\classfile\systemDictionary.cpp, line 245]
Event: 1.064 Thread 0x000001ce7fad60e0 Exception <a 'java/lang/NoSuchMethodError'{0x000000008bb4f280}: 'java.lang.Object java.lang.invoke.DirectMethodHandle$Holder.invokeStatic(java.lang.Object, java.lang.Object, int)'> (0x000000008bb4f280) 
thrown [s\src\hotspot\share\interpreter\linkResolver.cpp, line 759]
Event: 1.065 Thread 0x000001ce7fad60e0 Exception <a 'java/lang/NoSuchMethodError'{0x000000008bb5ac98}: 'void java.lang.invoke.DelegatingMethodHandle$Holder.delegate(java.lang.Object, java.lang.Object, int, java.lang.Object)'> (0x000000008bb5ac98) 
thrown [s\src\hotspot\share\interpreter\linkResolver.cpp, line 759]
Event: 1.078 Thread 0x000001ce7fad60e0 Exception <a 'java/lang/IncompatibleClassChangeError'{0x000000008bab14e0}: Found class java.lang.Object, but interface was expected> (0x000000008bab14e0) 
thrown [s\src\hotspot\share\interpreter\linkResolver.cpp, line 826]
Event: 1.477 Thread 0x000001ce7fb4e2c0 Exception <a 'java/lang/NoSuchMethodError'{0x000000008bc358c8}: 'long java.lang.invoke.DirectMethodHandle$Holder.invokeSpecial(java.lang.Object, java.lang.Object)'> (0x000000008bc358c8) 
thrown [s\src\hotspot\share\interpreter\linkResolver.cpp, line 759]
Event: 1.479 Thread 0x000001ce7fb4e2c0 Exception <a 'java/lang/NoSuchMethodError'{0x000000008bc40848}: 'long java.lang.invoke.DirectMethodHandle$Holder.invokeStatic(java.lang.Object, java.lang.Object)'> (0x000000008bc40848) 
thrown [s\src\hotspot\share\interpreter\linkResolver.cpp, line 759]
Event: 1.479 Thread 0x000001ce7fb4e2c0 Exception <a 'java/lang/NoSuchMethodError'{0x000000008bc43ba0}: 'long java.lang.invoke.DirectMethodHandle$Holder.invokeStaticInit(java.lang.Object, java.lang.Object)'> (0x000000008bc43ba0) 
thrown [s\src\hotspot\share\interpreter\linkResolver.cpp, line 759]
Event: 1.481 Thread 0x000001ce7fb4e2c0 Exception <a 'java/lang/NoSuchMethodError'{0x000000008bc514a0}: 'long java.lang.invoke.DirectMethodHandle$Holder.invokeInterface(java.lang.Object, java.lang.Object)'> (0x000000008bc514a0) 
thrown [s\src\hotspot\share\interpreter\linkResolver.cpp, line 759]
Event: 1.481 Thread 0x000001ce7fb4e2c0 Exception <a 'java/lang/IncompatibleClassChangeError'{0x000000008bc54788}: Found class java.lang.Object, but interface was expected> (0x000000008bc54788) 
thrown [s\src\hotspot\share\interpreter\linkResolver.cpp, line 826]
Event: 1.486 Thread 0x000001ce7fb4e2c0 Exception <a 'java/lang/NoSuchMethodError'{0x000000008bc8a640}: 'java.lang.Object java.lang.invoke.DirectMethodHandle$Holder.invokeVirtual(java.lang.Object, java.lang.Object, java.lang.Object, java.lang.Object)'> (0x000000008bc8a640) 
thrown [s\src\hotspot\share\interpreter\linkResolver.cpp, line 759]
Event: 1.512 Thread 0x000001ce7fad60e0 Exception <a 'sun/nio/fs/WindowsException'{0x000000008bbed0d8}> (0x000000008bbed0d8) 
thrown [s\src\hotspot\share\prims\jni.cpp, line 516]
Event: 1.513 Thread 0x000001ce7fad60e0 Exception <a 'java/lang/NoSuchMethodError'{0x000000008bbee988}: 'int java.lang.invoke.DirectMethodHandle$Holder.invokeSpecial(java.lang.Object, java.lang.Object, java.lang.Object, java.lang.Object, java.lang.Object)'> (0x000000008bbee988) 
thrown [s\src\hotspot\share\interpreter\linkResolver.cpp, line 759]
Event: 1.517 Thread 0x000001ce7fad60e0 Exception <a 'java/lang/NoSuchMethodError'{0x000000008bbf7788}: 'void java.lang.invoke.DirectMethodHandle$Holder.invokeVirtual(java.lang.Object, java.lang.Object)'> (0x000000008bbf7788) 
thrown [s\src\hotspot\share\interpreter\linkResolver.cpp, line 759]

VM Operations (20 events):
Event: 0.759 Executing VM operation: G1CollectForAllocation
Event: 0.764 Executing VM operation: G1CollectForAllocation done
Event: 0.931 Executing VM operation: HandshakeAllThreads
Event: 0.931 Executing VM operation: HandshakeAllThreads done
Event: 1.053 Executing VM operation: HandshakeAllThreads
Event: 1.053 Executing VM operation: HandshakeAllThreads done
Event: 1.064 Executing VM operation: HandshakeAllThreads
Event: 1.064 Executing VM operation: HandshakeAllThreads done
Event: 1.073 Executing VM operation: ICBufferFull
Event: 1.073 Executing VM operation: ICBufferFull done
Event: 1.212 Executing VM operation: HandshakeAllThreads
Event: 1.212 Executing VM operation: HandshakeAllThreads done
Event: 1.289 Executing VM operation: G1CollectForAllocation
Event: 1.295 Executing VM operation: G1CollectForAllocation done
Event: 1.490 Executing VM operation: HandshakeAllThreads
Event: 1.490 Executing VM operation: HandshakeAllThreads done
Event: 1.553 Executing VM operation: HandshakeAllThreads
Event: 1.553 Executing VM operation: HandshakeAllThreads done
Event: 1.596 Executing VM operation: HandshakeAllThreads
Event: 1.596 Executing VM operation: HandshakeAllThreads done

Events (20 events):
Event: 1.597 loading class sun/security/util/ObjectIdentifier
Event: 1.597 loading class sun/security/util/ObjectIdentifier done
Event: 1.601 loading class java/security/spec/ECFieldF2m
Event: 1.601 loading class java/security/spec/ECFieldF2m done
Event: 1.606 loading class sun/security/ssl/SunJSSE
Event: 1.607 loading class sun/security/ssl/SunJSSE done
Event: 1.608 loading class com/sun/crypto/provider/SunJCE
Event: 1.609 loading class com/sun/crypto/provider/SunJCE done
Event: 1.612 loading class com/sun/security/sasl/Provider
Event: 1.613 loading class com/sun/security/sasl/Provider done
Event: 1.613 loading class com/sun/security/sasl/Provider$1
Event: 1.613 loading class com/sun/security/sasl/Provider$1 done
Event: 1.613 loading class com/sun/security/sasl/Provider$ProviderService
Event: 1.613 loading class com/sun/security/sasl/Provider$ProviderService done
Event: 1.614 loading class sun/security/provider/certpath/ldap/JdkLDAP
Event: 1.614 loading class sun/security/provider/certpath/ldap/JdkLDAP done
Event: 1.615 loading class sun/security/provider/certpath/ldap/JdkLDAP$ProviderService
Event: 1.615 loading class sun/security/provider/certpath/ldap/JdkLDAP$ProviderService done
Event: 1.619 Thread 0x000001ce7fb4e2c0 Thread exited: 0x000001ce7fb4e2c0
Event: 1.658 Thread 0x000001ce505f3480 Thread added: 0x000001ce505f3480


Dynamic libraries:
0x00007ff779e40000 - 0x00007ff779e4e000 	D:\amazon_caratto\jdk17.0.10_7\bin\java.exe
0x00007fff562f0000 - 0x00007fff564e8000 	C:\Windows\SYSTEM32\ntdll.dll
0x00007fff546b0000 - 0x00007fff54772000 	C:\Windows\System32\KERNEL32.DLL
0x00007fff539c0000 - 0x00007fff53cbf000 	C:\Windows\System32\KERNELBASE.dll
0x00007fff540f0000 - 0x00007fff541f0000 	C:\Windows\System32\ucrtbase.dll
0x00007fff264c0000 - 0x00007fff264d7000 	D:\amazon_caratto\jdk17.0.10_7\bin\jli.dll
0x00007fff26420000 - 0x00007fff2643b000 	D:\amazon_caratto\jdk17.0.10_7\bin\VCRUNTIME140.dll
0x00007fff55810000 - 0x00007fff559ad000 	C:\Windows\System32\USER32.dll
0x00007fff3ad90000 - 0x00007fff3b02a000 	C:\Windows\WinSxS\amd64_microsoft.windows.common-controls_6595b64144ccf1df_6.0.19041.4355_none_60b8b9eb71f62e16\COMCTL32.dll
0x00007fff542e0000 - 0x00007fff54302000 	C:\Windows\System32\win32u.dll
0x00007fff56280000 - 0x00007fff562ab000 	C:\Windows\System32\GDI32.dll
0x00007fff55e60000 - 0x00007fff55efe000 	C:\Windows\System32\msvcrt.dll
0x00007fff53e70000 - 0x00007fff53f8a000 	C:\Windows\System32\gdi32full.dll
0x00007fff54240000 - 0x00007fff542dd000 	C:\Windows\System32\msvcp_win.dll
0x00007fff559b0000 - 0x00007fff559df000 	C:\Windows\System32\IMM32.DLL
0x00007fff47130000 - 0x00007fff4713c000 	D:\amazon_caratto\jdk17.0.10_7\bin\vcruntime140_1.dll
0x00007fff13590000 - 0x00007fff1361d000 	D:\amazon_caratto\jdk17.0.10_7\bin\msvcp140.dll
0x00007ffed8740000 - 0x00007ffed93a2000 	D:\amazon_caratto\jdk17.0.10_7\bin\server\jvm.dll
0x00007fff560a0000 - 0x00007fff5614f000 	C:\Windows\System32\ADVAPI32.dll
0x00007fff543a0000 - 0x00007fff5443f000 	C:\Windows\System32\sechost.dll
0x00007fff55f70000 - 0x00007fff56093000 	C:\Windows\System32\RPCRT4.dll
0x00007fff53990000 - 0x00007fff539b7000 	C:\Windows\System32\bcrypt.dll
0x00007fff52ed0000 - 0x00007fff52f1b000 	C:\Windows\SYSTEM32\POWRPROF.dll
0x00007fff4ebb0000 - 0x00007fff4ebb9000 	C:\Windows\SYSTEM32\WSOCK32.dll
0x00007fff3ca10000 - 0x00007fff3ca37000 	C:\Windows\SYSTEM32\WINMM.dll
0x00007fff55f00000 - 0x00007fff55f6b000 	C:\Windows\System32\WS2_32.dll
0x00007fff4e100000 - 0x00007fff4e10a000 	C:\Windows\SYSTEM32\VERSION.dll
0x00007fff52d90000 - 0x00007fff52da2000 	C:\Windows\SYSTEM32\UMPDC.dll
0x00007fff52170000 - 0x00007fff52182000 	C:\Windows\SYSTEM32\kernel.appcore.dll
0x00007fff445f0000 - 0x00007fff445fa000 	D:\amazon_caratto\jdk17.0.10_7\bin\jimage.dll
0x00007fff51d50000 - 0x00007fff51f34000 	C:\Windows\SYSTEM32\DBGHELP.DLL
0x00007fff32c10000 - 0x00007fff32c44000 	C:\Windows\SYSTEM32\dbgcore.DLL
0x00007fff53d30000 - 0x00007fff53db2000 	C:\Windows\System32\bcryptPrimitives.dll
0x00007fff20ca0000 - 0x00007fff20cc5000 	D:\amazon_caratto\jdk17.0.10_7\bin\java.dll
0x00007fff102c0000 - 0x00007fff10397000 	D:\amazon_caratto\jdk17.0.10_7\bin\jsvml.dll
0x00007fff54fc0000 - 0x00007fff5572d000 	C:\Windows\System32\SHELL32.dll
0x00007fff514e0000 - 0x00007fff51c84000 	C:\Windows\SYSTEM32\windows.storage.dll
0x00007fff54980000 - 0x00007fff54cd5000 	C:\Windows\System32\combase.dll
0x00007fff533c0000 - 0x00007fff533eb000 	C:\Windows\SYSTEM32\Wldp.dll
0x00007fff561b0000 - 0x00007fff5627d000 	C:\Windows\System32\OLEAUT32.dll
0x00007fff54870000 - 0x00007fff5491d000 	C:\Windows\System32\SHCORE.dll
0x00007fff56150000 - 0x00007fff561a5000 	C:\Windows\System32\shlwapi.dll
0x00007fff538c0000 - 0x00007fff538e5000 	C:\Windows\SYSTEM32\profapi.dll
0x00007fff24f30000 - 0x00007fff24f49000 	D:\amazon_caratto\jdk17.0.10_7\bin\net.dll
0x00007fff50380000 - 0x00007fff5048a000 	C:\Windows\SYSTEM32\WINHTTP.dll
0x00007fff53120000 - 0x00007fff5318c000 	C:\Windows\system32\mswsock.dll
0x00007fff24dd0000 - 0x00007fff24de6000 	D:\amazon_caratto\jdk17.0.10_7\bin\nio.dll
0x00007fff23aa0000 - 0x00007fff23ab8000 	D:\amazon_caratto\jdk17.0.10_7\bin\zip.dll
0x00007fff440d0000 - 0x00007fff440d9000 	D:\amazon_caratto\jdk17.0.10_7\bin\management.dll
0x00007fff3b7e0000 - 0x00007fff3b7eb000 	D:\amazon_caratto\jdk17.0.10_7\bin\management_ext.dll
0x00007fff546a0000 - 0x00007fff546a8000 	C:\Windows\System32\PSAPI.DLL
0x00007fff3b4f0000 - 0x00007fff3b4fe000 	D:\amazon_caratto\jdk17.0.10_7\bin\sunmscapi.dll
0x00007fff53f90000 - 0x00007fff540ec000 	C:\Windows\System32\CRYPT32.dll
0x00007fff53430000 - 0x00007fff53457000 	C:\Windows\SYSTEM32\ncrypt.dll
0x00007fff533f0000 - 0x00007fff5342b000 	C:\Windows\SYSTEM32\NTASN1.dll

dbghelp: loaded successfully - version: 4.0.5 - missing functions: none
symbol engine: initialized successfully - sym options: 0x614 - pdb path: .;D:\amazon_caratto\jdk17.0.10_7\bin;C:\Windows\SYSTEM32;C:\Windows\WinSxS\amd64_microsoft.windows.common-controls_6595b64144ccf1df_6.0.19041.4355_none_60b8b9eb71f62e16;D:\amazon_caratto\jdk17.0.10_7\bin\server

VM Arguments:
jvm_args: -XX:+ShowCodeDetailsInExceptionMessages 
java_command: com.edupro.EducationWeb.EducationWebApplication
java_class_path (initial): D:\Final_year_project\EducationWeb\target\classes;C:\Users\siamt\.m2\repository\org\springframework\boot\spring-boot-starter-web\3.4.0\spring-boot-starter-web-3.4.0.jar;C:\Users\siamt\.m2\repository\org\springframework\boot\spring-boot-starter\3.4.0\spring-boot-starter-3.4.0.jar;C:\Users\siamt\.m2\repository\org\springframework\boot\spring-boot-starter-logging\3.4.0\spring-boot-starter-logging-3.4.0.jar;C:\Users\siamt\.m2\repository\ch\qos\logback\logback-classic\1.5.12\logback-classic-1.5.12.jar;C:\Users\siamt\.m2\repository\ch\qos\logback\logback-core\1.5.12\logback-core-1.5.12.jar;C:\Users\siamt\.m2\repository\org\apache\logging\log4j\log4j-to-slf4j\2.24.1\log4j-to-slf4j-2.24.1.jar;C:\Users\siamt\.m2\repository\org\apache\logging\log4j\log4j-api\2.24.1\log4j-api-2.24.1.jar;C:\Users\siamt\.m2\repository\org\slf4j\jul-to-slf4j\2.0.16\jul-to-slf4j-2.0.16.jar;C:\Users\siamt\.m2\repository\jakarta\annotation\jakarta.annotation-api\2.1.1\jakarta.annotation-api-2.1.1.jar;C:\Users\siamt\.m2\repository\org\yaml\snakeyaml\2.3\snakeyaml-2.3.jar;C:\Users\siamt\.m2\repository\org\springframework\boot\spring-boot-starter-json\3.4.0\spring-boot-starter-json-3.4.0.jar;C:\Users\siamt\.m2\repository\com\fasterxml\jackson\core\jackson-databind\2.18.1\jackson-databind-2.18.1.jar;C:\Users\siamt\.m2\repository\com\fasterxml\jackson\core\jackson-annotations\2.18.1\jackson-annotations-2.18.1.jar;C:\Users\siamt\.m2\repository\com\fasterxml\jackson\core\jackson-core\2.18.1\jackson-core-2.18.1.jar;C:\Users\siamt\.m2\repository\com\fasterxml\jackson\datatype\jackson-datatype-jdk8\2.18.1\jackson-datatype-jdk8-2.18.1.jar;C:\Users\siamt\.m2\repository\com\fasterxml\jackson\datatype\jackson-datatype-jsr310\2.18.1\jackson-datatype-jsr310-2.18.1.jar;C:\Users\siamt\.m2\repository\com\fasterxml\jackson\module\jackson-module-parameter-names\2.18.1\jackson-module-parameter-names-2.18.1.jar;C:\Users\siamt\.m2\repository\org\springframework\boot\spring-boot-starter-tomcat\3
Launcher Type: SUN_STANDARD

[Global flags]
     intx CICompilerCount                          = 4                                         {product} {ergonomic}
     uint ConcGCThreads                            = 2                                         {product} {ergonomic}
     uint G1ConcRefinementThreads                  = 8                                         {product} {ergonomic}
   size_t G1HeapRegionSize                         = 1048576                                   {product} {ergonomic}
    uintx GCDrainStackTargetSize                   = 64                                        {product} {ergonomic}
   size_t InitialHeapSize                          = 130023424                                 {product} {ergonomic}
   size_t MarkStackSize                            = 4194304                                   {product} {ergonomic}
   size_t MaxHeapSize                              = 2067791872                                {product} {ergonomic}
   size_t MaxNewSize                               = 1240465408                                {product} {ergonomic}
   size_t MinHeapDeltaBytes                        = 1048576                                   {product} {ergonomic}
   size_t MinHeapSize                              = 8388608                                   {product} {ergonomic}
    uintx NonNMethodCodeHeapSize                   = 5839372                                {pd product} {ergonomic}
    uintx NonProfiledCodeHeapSize                  = 122909434                              {pd product} {ergonomic}
    uintx ProfiledCodeHeapSize                     = 122909434                              {pd product} {ergonomic}
    uintx ReservedCodeCacheSize                    = 251658240                              {pd product} {ergonomic}
     bool SegmentedCodeCache                       = true                                      {product} {ergonomic}
     bool ShowCodeDetailsInExceptionMessages       = true                                   {manageable} {command line}
   size_t SoftMaxHeapSize                          = 2067791872                             {manageable} {ergonomic}
     bool UseCompressedClassPointers               = true                           {product lp64_product} {ergonomic}
     bool UseCompressedOops                        = true                           {product lp64_product} {ergonomic}
     bool UseG1GC                                  = true                                      {product} {ergonomic}
     bool UseLargePagesIndividualAllocation        = false                                  {pd product} {ergonomic}

Logging:
Log output configuration:
 #0: stdout all=warning uptime,level,tags
 #1: stderr all=off uptime,level,tags

Environment Variables:
JAVA_HOME=E:\Java\jdk-19
PATH=D:\amazon_caratto\jdk17.0.10_7\bin;D:\vmareeeeeee\bin\;C:\Program Files\Common Files\Oracle\Java\javapath;C:\Windows\system32;C:\Windows;C:\Windows\System32\Wbem;C:\Windows\System32\WindowsPowerShell\v1.0\;C:\Windows\System32\OpenSSH\;C:\TDM-GCC-32\bin;C:\MinGW\bin;E:\Java\jdk-19\bin;E:\Java\jdk-19\bin;C:\Program Files\Microsoft SQL Server\Client SDK\ODBC\170\Tools\Binn\;C:\Program Files (x86)\Microsoft SQL Server\160\Tools\Binn\;C:\Program Files\Microsoft SQL Server\160\Tools\Binn\;C:\Program Files\Microsoft SQL Server\160\DTS\Binn\;C:\Program Files (x86)\Microsoft SQL Server\150\Tools\Binn\;C:\Program Files\Microsoft SQL Server\150\Tools\Binn\;C:\Program Files\Microsoft SQL Server\150\DTS\Binn\;C:\Program Files\CodeBlocks\MinGW\bin;D:\MinGW\bin;C:\Program Files (x86)\Microsoft SQL Server\160\DTS\Binn\;C:\Program Files\Azure Data Studio\bin;D:\samp\php;D:\all software all type of file;D:\Git\cmd;D:\tdm\bin;E:\forth_year_lab\mathlab\bin;D:\NodeJs\;C:\ProgramData\chocolatey\bin;D:\NodeJs;C:\Users\siamt\AppData\Roaming\npm;;C:\Program Files\Docker\Docker\resources\bin;E:\Program File\Scripts\;E:\Program File\;C:\Users\siamt\AppData\Local\Microsoft\WindowsApps;;C:\Program Files\Azure Data Studio\bin;D:\Microsoft VS Code\bin;C:\Program Files\Azure Data Studio\bin;C:\Users\siamt\AppData\Roaming\npm;D:\modeeellsim\modelsim_ase\win32aloem
USERNAME=siamt
LANG=en_US.UTF-8
OS=Windows_NT
PROCESSOR_IDENTIFIER=Intel64 Family 6 Model 140 Stepping 1, GenuineIntel
TMP=C:\Users\siamt\AppData\Local\Temp
TEMP=C:\Users\siamt\AppData\Local\Temp



Periodic native trim disabled


---------------  S Y S T E M  ---------------

OS:
 Windows 10 , 64 bit Build 19041 (10.0.19041.5438)
OS uptime: 4 days 13:11 hours
Hyper-V role detected

CPU: total 8 (initial active 8) (4 cores per cpu, 2 threads per core) family 6 model 140 stepping 1 microcode 0xa4, cx8, cmov, fxsr, ht, mmx, 3dnowpref, sse, sse2, sse3, ssse3, sse4.1, sse4.2, popcnt, lzcnt, tsc, tscinvbit, avx, avx2, aes, erms, clmul, bmi1, bmi2, adx, avx512f, avx512dq, avx512cd, avx512bw, avx512vl, sha, fma, vzeroupper, avx512_vpopcntdq, avx512_vpclmulqdq, avx512_vaes, avx512_vnni, clflush, clflushopt, clwb, avx512_vbmi2, avx512_vbmi, hv
Processor Information for processor 0
  Max Mhz: 2419, Current Mhz: 907, Mhz Limit: 2419
Processor Information for processor 1
  Max Mhz: 2419, Current Mhz: 907, Mhz Limit: 2419
Processor Information for processor 2
  Max Mhz: 2419, Current Mhz: 907, Mhz Limit: 2419
Processor Information for processor 3
  Max Mhz: 2419, Current Mhz: 907, Mhz Limit: 2419
Processor Information for processor 4
  Max Mhz: 2419, Current Mhz: 2419, Mhz Limit: 2419
Processor Information for processor 5
  Max Mhz: 2419, Current Mhz: 907, Mhz Limit: 2419
Processor Information for processor 6
  Max Mhz: 2419, Current Mhz: 2419, Mhz Limit: 2419
Processor Information for processor 7
  Max Mhz: 2419, Current Mhz: 907, Mhz Limit: 2419

Memory: 4k page, system-wide physical 7886M (324M free)
TotalPageFile size 19020M (AvailPageFile size 5M)
current process WorkingSet (physical memory assigned to process): 117M, peak: 119M
current process commit charge ("private bytes"): 250M, peak: 252M

vm_info: OpenJDK 64-Bit Server VM (17.0.10+7-LTS) for windows-amd64 JRE (17.0.10+7-LTS), built on Jan 10 2024 22:11:07 by "Administrator" with MS VC++ 16.10 / 16.11 (VS2019)

END.
